c:\workspace\abbyy\task8-9-good\task8-9-good\debug\vc140.pdb
c:\workspace\abbyy\task8-9-good\task8-9-good\debug\vc140.idb
c:\workspace\abbyy\task8-9-good\task8-9-good\debug\cheapmanager.obj
c:\workspace\abbyy\task8-9-good\task8-9-good\debug\cheapmanagerlog.obj
c:\workspace\abbyy\task8-9-good\task8-9-good\debug\cheapmanagermemset.obj
c:\workspace\abbyy\task8-9-good\task8-9-good\debug\cheapmanagermerge.obj
c:\workspace\abbyy\task8-9-good\task8-9-good\debug\cheapmanagerpagetable.obj
c:\workspace\abbyy\task8-9-good\task8-9-good\debug\ctesters.obj
c:\workspace\abbyy\task8-9-good\task8-9-good\debug\main.obj
c:\workspace\abbyy\task8-9-good\debug\task8-9-good.pdb
c:\workspace\abbyy\task8-9-good\task8-9-good\debug\task8-9-good.tlog\cl.command.1.tlog
c:\workspace\abbyy\task8-9-good\task8-9-good\debug\task8-9-good.tlog\cl.read.1.tlog
c:\workspace\abbyy\task8-9-good\task8-9-good\debug\task8-9-good.tlog\cl.write.1.tlog
c:\workspace\abbyy\task8-9-good\task8-9-good\debug\task8-9-good.tlog\link-cvtres.read.1.tlog
c:\workspace\abbyy\task8-9-good\task8-9-good\debug\task8-9-good.tlog\link-cvtres.write.1.tlog
c:\workspace\abbyy\task8-9-good\task8-9-good\debug\task8-9-good.tlog\link-rc.read.1.tlog
c:\workspace\abbyy\task8-9-good\task8-9-good\debug\task8-9-good.tlog\link-rc.write.1.tlog
c:\workspace\abbyy\task8-9-good\task8-9-good\debug\task8-9-good.tlog\link.command.1.tlog
c:\workspace\abbyy\task8-9-good\task8-9-good\debug\task8-9-good.tlog\link.read.1.tlog
c:\workspace\abbyy\task8-9-good\task8-9-good\debug\task8-9-good.tlog\link.write.1.tlog
