c:\workspace\abbyy\task10-dll\mynotepaddynamic\debug\vc140.pdb
c:\workspace\abbyy\task10-dll\mynotepaddynamic\debug\vc140.idb
c:\workspace\abbyy\task10-dll\mynotepaddynamic\debug\editcontrol.obj
c:\workspace\abbyy\task10-dll\mynotepaddynamic\debug\mynotepaddynamic.obj
c:\workspace\abbyy\task10-dll\mynotepaddynamic\debug\stdafx.obj
c:\workspace\abbyy\task10-dll\mynotepaddynamic\debug\mynotepaddynamic.pdb
c:\workspace\abbyy\task10-dll\mynotepaddynamic\debug\mynotepaddynamic.idb
c:\workspace\abbyy\task10-dll\debug\mynotepaddynamic.lib
c:\workspace\abbyy\task10-dll\mynotepaddynamic\debug\mynotepaddynamic.res
c:\workspace\abbyy\task10-dll\mynotepaddynamic\debug\mynotepaddynamic.vcxprojresolveassemblyreference.cache
c:\workspace\abbyy\task10-dll\debug\mynotepaddynamic.pdb
c:\workspace\abbyy\task10-dll\mynotepaddynamic\debug\mynotepaddynamic.tlog\cl.command.1.tlog
c:\workspace\abbyy\task10-dll\mynotepaddynamic\debug\mynotepaddynamic.tlog\cl.read.1.tlog
c:\workspace\abbyy\task10-dll\mynotepaddynamic\debug\mynotepaddynamic.tlog\cl.write.1.tlog
c:\workspace\abbyy\task10-dll\mynotepaddynamic\debug\mynotepaddynamic.tlog\lib-link-cvtres.read.1.tlog
c:\workspace\abbyy\task10-dll\mynotepaddynamic\debug\mynotepaddynamic.tlog\lib-link-cvtres.write.1.tlog
c:\workspace\abbyy\task10-dll\mynotepaddynamic\debug\mynotepaddynamic.tlog\lib.command.1.tlog
c:\workspace\abbyy\task10-dll\mynotepaddynamic\debug\mynotepaddynamic.tlog\link.command.1.tlog
c:\workspace\abbyy\task10-dll\mynotepaddynamic\debug\mynotepaddynamic.tlog\link.read.1.tlog
c:\workspace\abbyy\task10-dll\mynotepaddynamic\debug\mynotepaddynamic.tlog\link.write.1.tlog
c:\workspace\abbyy\task10-dll\mynotepaddynamic\debug\mynotepaddynamic.tlog\rc.command.1.tlog
c:\workspace\abbyy\task10-dll\mynotepaddynamic\debug\mynotepaddynamic.tlog\rc.read.1.tlog
c:\workspace\abbyy\task10-dll\mynotepaddynamic\debug\mynotepaddynamic.tlog\rc.write.1.tlog
